IOC_TEST:m0s001-Drv01-Cmd-RB
IOC_TEST:m0s001-Drv01-Spd-RB
IOC_TEST:m0s001-Enc01-PosAct
IOC_TEST:m0s001-Enc01-LtchPosAct
IOC_TEST:m0s001-Enc01-Cmd-RB
IOC_TEST:m0s001-Enc01-PosCmd-RB
IOC_TEST:Axis1-Vel-RB
IOC_TEST:Axis1-Acc-RB
IOC_TEST:Axis1-EncAct
IOC_TEST:Axis1-CfgSREV-RB
IOC_TEST:Axis1-CfgUREV-RB
IOC_TEST:Axis1-CfgPMIN-RB
IOC_TEST:Axis1-CfgPMAX-RB
IOC_TEST:Axis1-CfgSPDB-RB
IOC_TEST:Axis1-CfgRDBD-RB
IOC_TEST:Axis1-CfgRDBD-Tim-RB
IOC_TEST:Axis1-CfgPOSLAG-RB
IOC_TEST:Axis1-CfgPOSLAG-Tim-RB
IOC_TEST:Axis1-CfgDHLM-RB
IOC_TEST:Axis1-CfgDLLM-RB
IOC_TEST:Axis1-CfgVELO-RB
IOC_TEST:Axis1-CfgVMAX-RB
IOC_TEST:Axis1-CfgJVEL-RB
IOC_TEST:Axis1-CfgACCS-RB
IOC_TEST:Axis1-HomPos-RB
IOC_TEST:Axis1-PosAct
IOC_TEST:Axis1-VelAct
IOC_TEST:Axis1-PosSet
IOC_TEST:Axis1-PosErr
IOC_TEST:Axis1-PLC-Err
IOC_TEST:Plg-Mtn0-BuffSze
IOC_TEST:Plg-Mtn0-ElmCnt
IOC_TEST:MCU-AppMode
IOC_TEST:MCU-ErrId
IOC_TEST:MCU-ThdLatMin
IOC_TEST:MCU-ThdLatMax
IOC_TEST:MCU-ThdPrdMin
IOC_TEST:MCU-ThdPrdMax
IOC_TEST:MCU-ThdExeMin
IOC_TEST:MCU-ThdExeMax
IOC_TEST:MCU-ThdSndMin
IOC_TEST:MCU-ThdSndMax
IOC_TEST:m0s001-Drv01-WrnAlrm
IOC_TEST:m0s001-Drv01-ErrAlrm
IOC_TEST:m0s001-Drv01-StlAlrm
IOC_TEST:m0s001-Drv01-SyncErrAlrm
IOC_TEST:m0s001-Enc01-ExtLtchOK
IOC_TEST:m0s001-Enc01-OpnCrctAlrm
IOC_TEST:m0s001-Enc01-WrnAlrm
IOC_TEST:m0s001-Enc01-SyncErrAlrm
IOC_TEST:m0s001-Online
IOC_TEST:m0s001-Operational
IOC_TEST:m0s001-Alstate-Init
IOC_TEST:m0s001-Alstate-Preop
IOC_TEST:m0s001-Alstate-Safeop
IOC_TEST:m0s001-Alstate-Op
IOC_TEST:m0s002-BO01-RB
IOC_TEST:m0s002-BO02-RB
IOC_TEST:m0s002-BO03-RB
IOC_TEST:m0s002-BO04-RB
IOC_TEST:m0s002-BO05-RB
IOC_TEST:m0s002-BO06-RB
IOC_TEST:m0s002-BO07-RB
IOC_TEST:m0s002-BO08-RB
IOC_TEST:m0s002-BO09-RB
IOC_TEST:m0s002-BO10-RB
IOC_TEST:m0s002-BO11-RB
IOC_TEST:m0s002-BO12-RB
IOC_TEST:m0s002-BO13-RB
IOC_TEST:m0s002-BO14-RB
IOC_TEST:m0s002-BO15-RB
IOC_TEST:m0s002-BO16-RB
IOC_TEST:m0s002-BO01-OvrTmpAlrm
IOC_TEST:m0s002-BO01-OpnLdAlrm
IOC_TEST:m0s002-BO01-OvrCurrAlrm
IOC_TEST:m0s002-BO01-ShrtCircAlrm
IOC_TEST:m0s002-BO02-OvrTmpAlrm
IOC_TEST:m0s002-BO02-OpnLdAlrm
IOC_TEST:m0s002-BO02-OvrCurrAlrm
IOC_TEST:m0s002-BO02-ShrtCircAlrm
IOC_TEST:m0s002-BO03-OvrTmpAlrm
IOC_TEST:m0s002-BO03-OpnLdAlrm
IOC_TEST:m0s002-BO03-OvrCurrAlrm
IOC_TEST:m0s002-BO03-ShrtCircAlrm
IOC_TEST:m0s002-BO04-OvrTmpAlrm
IOC_TEST:m0s002-BO04-OpnLdAlrm
IOC_TEST:m0s002-BO04-OvrCurrAlrm
IOC_TEST:m0s002-BO04-ShrtCircAlrm
IOC_TEST:m0s002-BO05-OvrTmpAlrm
IOC_TEST:m0s002-BO05-OpnLdAlrm
IOC_TEST:m0s002-BO05-OvrCurrAlrm
IOC_TEST:m0s002-BO05-ShrtCircAlrm
IOC_TEST:m0s002-BO06-OvrTmpAlrm
IOC_TEST:m0s002-BO06-OpnLdAlrm
IOC_TEST:m0s002-BO06-OvrCurrAlrm
IOC_TEST:m0s002-BO06-ShrtCircAlrm
IOC_TEST:m0s002-BO07-OvrTmpAlrm
IOC_TEST:m0s002-BO07-OpnLdAlrm
IOC_TEST:m0s002-BO07-OvrCurrAlrm
IOC_TEST:m0s002-BO07-ShrtCircAlrm
IOC_TEST:m0s002-BO08-OvrTmpAlrm
IOC_TEST:m0s002-BO08-OpnLdAlrm
IOC_TEST:m0s002-BO08-OvrCurrAlrm
IOC_TEST:m0s002-BO08-ShrtCircAlrm
IOC_TEST:m0s002-BO09-OvrTmpAlrm
IOC_TEST:m0s002-BO09-OpnLdAlrm
IOC_TEST:m0s002-BO09-OvrCurrAlrm
IOC_TEST:m0s002-BO09-ShrtCircAlrm
IOC_TEST:m0s002-BO10-OvrTmpAlrm
IOC_TEST:m0s002-BO10-OpnLdAlrm
IOC_TEST:m0s002-BO10-OvrCurrAlrm
IOC_TEST:m0s002-BO10-ShrtCircAlrm
IOC_TEST:m0s002-BO11-OvrTmpAlrm
IOC_TEST:m0s002-BO11-OpnLdAlrm
IOC_TEST:m0s002-BO11-OvrCurrAlrm
IOC_TEST:m0s002-BO11-ShrtCircAlrm
IOC_TEST:m0s002-BO12-OvrTmpAlrm
IOC_TEST:m0s002-BO12-OpnLdAlrm
IOC_TEST:m0s002-BO12-OvrCurrAlrm
IOC_TEST:m0s002-BO12-ShrtCircAlrm
IOC_TEST:m0s002-BO13-OvrTmpAlrm
IOC_TEST:m0s002-BO13-OpnLdAlrm
IOC_TEST:m0s002-BO13-OvrCurrAlrm
IOC_TEST:m0s002-BO13-ShrtCircAlrm
IOC_TEST:m0s002-BO14-OvrTmpAlrm
IOC_TEST:m0s002-BO14-OpnLdAlrm
IOC_TEST:m0s002-BO14-OvrCurrAlrm
IOC_TEST:m0s002-BO14-ShrtCircAlrm
IOC_TEST:m0s002-BO15-OvrTmpAlrm
IOC_TEST:m0s002-BO15-OpnLdAlrm
IOC_TEST:m0s002-BO15-OvrCurrAlrm
IOC_TEST:m0s002-BO15-ShrtCircAlrm
IOC_TEST:m0s002-BO16-OvrTmpAlrm
IOC_TEST:m0s002-BO16-OpnLdAlrm
IOC_TEST:m0s002-BO16-OvrCurrAlrm
IOC_TEST:m0s002-BO16-ShrtCircAlrm
IOC_TEST:m0s002-Online
IOC_TEST:m0s002-Operational
IOC_TEST:m0s002-Alstate-Init
IOC_TEST:m0s002-Alstate-Preop
IOC_TEST:m0s002-Alstate-Safeop
IOC_TEST:m0s002-Alstate-Op
IOC_TEST:Axis1-EnaCmd-RB
IOC_TEST:Axis1-EnaAct
IOC_TEST:Axis1-ExeCmd-RB
IOC_TEST:Axis1-Busy
IOC_TEST:Axis1-AtTarget
IOC_TEST:Axis1-Moving
IOC_TEST:Axis1-LimFwd
IOC_TEST:Axis1-LimBwd
IOC_TEST:Axis1-HomeSwitch
IOC_TEST:Axis1-Homed
IOC_TEST:Axis1-InRT
IOC_TEST:Axis1-TrjSrcTyp-RB
IOC_TEST:Axis1-EncSrcTyp-RB
IOC_TEST:Axis1-CmdFrmPLCCmd-RB
IOC_TEST:Axis1-SftLimFwdEna-RB
IOC_TEST:Axis1-SftLimBwdEna-RB
IOC_TEST:Axis1-PLC-EnaCmd-RB
IOC_TEST:Axis1-PLC-FirstScan
IOC_TEST:Axis1-Err
IOC_TEST:Axis1-Wrn
IOC_TEST:MCU-ThdRTPrioOK
IOC_TEST:MCU-ThdMemLocked
IOC_TEST:m0-LinkUp
IOC_TEST:m0-AlStates-Init
IOC_TEST:m0-AlStates-Preop
IOC_TEST:m0-AlStates-Safeop
IOC_TEST:m0-AlStates-Op
IOC_TEST:m0-Dom-RedunActive
IOC_TEST:m0-Dom-WC-Zero
IOC_TEST:m0-Dom-WC-Incomplete
IOC_TEST:m0-Dom-WC-Complete
IOC_TEST:m0-Stat-OK
REQMOD:raspberrypi-7906:exit
REQMOD:raspberrypi-7906:MODULES
REQMOD:raspberrypi-7906:VERSIONS
REQMOD:raspberrypi-7906:MOD_VER
IOC_TEST:Axis1-Arr-Stat
IOC_TEST:Axis1-PLC-Expr-RB
IOC_TEST:Plg-Mtn0-PosAct-Arr
IOC_TEST:Plg-Mtn0-PosSet-Arr
IOC_TEST:Plg-Mtn0-PosErr-Arr
IOC_TEST:Plg-Mtn0-Time-Arr
IOC_TEST:Plg-Mtn0-Ena-Arr
IOC_TEST:Plg-Mtn0-EnaAct-Arr
IOC_TEST:Plg-Mtn0-Bsy-Arr
IOC_TEST:Plg-Mtn0-Exe-Arr
IOC_TEST:Plg-Mtn0-TrjSrc-Arr
IOC_TEST:Plg-Mtn0-EncSrc-Arr
IOC_TEST:Plg-Mtn0-AtTrg-Arr
IOC_TEST:Plg-Mtn0-ErrId-Arr
IOC_TEST:MCU-ErrMsg
IOC_TEST:MCU-Updated
IOC_TEST:m0s001-Enc01-LtchCmd
IOC_TEST:Axis1-MtnCmd
IOC_TEST:Axis1-movVelCmd
IOC_TEST:Axis1-movRelCmd
IOC_TEST:Axis1-movAbsCmd
IOC_TEST:Axis1-movHomCmd
IOC_TEST:Axis1-HomProc-RB
IOC_TEST:Axis1-Type
IOC_TEST:Axis1-DrvType
IOC_TEST:Axis1-TrajType
IOC_TEST:m0s001-One
IOC_TEST:m0s001-Zero
IOC_TEST:m0s002-One
IOC_TEST:m0s002-Zero
IOC_TEST:Axis1-DIR_
IOC_TEST:Axis1-ErrRst
IOC_TEST:Axis1-HomProc
IOC_TEST:Axis1-MtnCmdData
IOC_TEST:Plg-Mtn0-Mde-RB
IOC_TEST:Plg-Mtn0-Cmd-RB
IOC_TEST:m0s001-Stat
IOC_TEST:m0s002-Stat
IOC_TEST:Axis1-MR-ErrId
IOC_TEST:Axis1-CfgRDBD-En-RB
IOC_TEST:Axis1-CfgPOSLAG-En-RB
IOC_TEST:Axis1-CfgDHLM-En-RB
IOC_TEST:Axis1-CfgDLLM-En-RB
IOC_TEST:Axis1-Stat
IOC_TEST:Axis1-ErrId
IOC_TEST:Axis1-WrnId
IOC_TEST:Plg-Mtn0-Stat
IOC_TEST:m0-Stat
IOC_TEST:m0-SlvCntr
IOC_TEST:m0-MemmapCntr
IOC_TEST:m0-DomFailCntrTot
IOC_TEST:m0-EntryCntr
IOC_TEST:m0-Dom-Stat
IOC_TEST:MCU-Cfg-Info
IOC_TEST:MCU-Cfg-Naming
IOC_TEST:MCU-Cfg-Mode
IOC_TEST:MCU-Cfg-PVA
IOC_TEST:Axis1-DbgStrToLOG
IOC_TEST:MCU-Cfg-AX1-Pfx
IOC_TEST:MCU-Cfg-AX1-Nam
IOC_TEST:MCU-Cfg-AX1-PfxNam
IOC_TEST:m0s001-EntryCntr
IOC_TEST:m0s002-EntryCntr
IOC_TEST:Axis1-SeqState
IOC_TEST:Axis1-LastIlock
IOC_TEST:m0-SlvRsp
IOC_TEST:m0-Dom-WC
IOC_TEST:m0s001-Enc01-LtchRst
IOC_TEST:Axis1-Cmd_
REQMOD:raspberrypi-7906:BaseVersion
REQMOD:raspberrypi-7906:require_VER
REQMOD:raspberrypi-7906:ecmccfg_VER
REQMOD:raspberrypi-7906:asyn_VER
REQMOD:raspberrypi-7906:exprtk_VER
REQMOD:raspberrypi-7906:motor_VER
REQMOD:raspberrypi-7906:ruckig_VER
REQMOD:raspberrypi-7906:ecmc_VER
IOC_TEST:m0s001-HWType
IOC_TEST:m0s002-HWType
IOC_TEST:Axis1-MsgTxt
REQMOD:raspberrypi-7906:ecmc_plugin_motion_VER
IOC_TEST:m0s001-Drv01-Stat
IOC_TEST:m0s001-Enc01-Stat
IOC_TEST:m0s001-Stat_
IOC_TEST:m0s002-BO01-Stat
IOC_TEST:m0s002-BO02-Stat
IOC_TEST:m0s002-BO03-Stat
IOC_TEST:m0s002-BO04-Stat
IOC_TEST:m0s002-BO05-Stat
IOC_TEST:m0s002-BO06-Stat
IOC_TEST:m0s002-BO07-Stat
IOC_TEST:m0s002-BO08-Stat
IOC_TEST:m0s002-BO09-Stat
IOC_TEST:m0s002-BO10-Stat
IOC_TEST:m0s002-BO11-Stat
IOC_TEST:m0s002-BO12-Stat
IOC_TEST:m0s002-BO13-Stat
IOC_TEST:m0s002-BO14-Stat
IOC_TEST:m0s002-BO15-Stat
IOC_TEST:m0s002-BO16-Stat
IOC_TEST:m0s002-Stat_
IOC_TEST:Axis1-Stat_
IOC_TEST:ThdRTStat_
IOC_TEST:m0-Stat_
IOC_TEST:m0-Dom-Stat_
IOC_TEST:m0s001-Enc01-LtchAutRst
IOC_TEST:Axis1-MtnCmd_
IOC_TEST:MCU-Cfg-EC-Mst
IOC_TEST:MCU-Cfg-Rate
IOC_TEST:MCU-Cfg-Time
IOC_TEST:MCU-Cfg-PV-Time
IOC_TEST:m0s001-Drv01-Cmd
IOC_TEST:m0s001-Drv01-Spd
IOC_TEST:m0s001-Enc01-Cmd
IOC_TEST:m0s001-Enc01-PosCmd
IOC_TEST:m0s001-NxtObjId
IOC_TEST:MCU-Cfg-EC-FrstObjId
IOC_TEST:m0s002-NxtObjId
IOC_TEST:Axis1-OFF_
IOC_TEST:Axis1-MRES_
IOC_TEST:Axis1-HomPos
IOC_TEST:Axis1-VelToHom
IOC_TEST:Axis1-VelFrmHom
IOC_TEST:Axis1-AccHom
IOC_TEST:Axis1-TgtPosCmd
IOC_TEST:Axis1-TgtVelCmd
IOC_TEST:Axis1-Id
IOC_TEST:MCU-Cfg-AX1-NxtObjId
IOC_TEST:MCU-Cfg-AX-FrstObjId
IOC_TEST:MCU-Cfg-PLG{Index}-NxtObjId
IOC_TEST:MCU-Cfg-PLG-FrstObjId
IOC_TEST:Plg-Mtn0-AxCmd-RB
IOC_TEST:Plg-Mtn0-SmpHz-RB
IOC_TEST:MCU-Cfg-Eng-Mode
IOC_TEST:m0s001-Enc01-LchAutRstSp
IOC_TEST:m0s002-BO01
IOC_TEST:m0s002-BO02
IOC_TEST:m0s002-BO03
IOC_TEST:m0s002-BO04
IOC_TEST:m0s002-BO05
IOC_TEST:m0s002-BO06
IOC_TEST:m0s002-BO07
IOC_TEST:m0s002-BO08
IOC_TEST:m0s002-BO09
IOC_TEST:m0s002-BO10
IOC_TEST:m0s002-BO11
IOC_TEST:m0s002-BO12
IOC_TEST:m0s002-BO13
IOC_TEST:m0s002-BO14
IOC_TEST:m0s002-BO15
IOC_TEST:m0s002-BO16
IOC_TEST:Axis1-EnaCmd
IOC_TEST:Axis1-ExeCmd
IOC_TEST:Axis1-StpCmd
IOC_TEST:Axis1-RstCmd
IOC_TEST:Axis1-EncSrcTyp-Cmd
IOC_TEST:Axis1-TrjSrcTyp-Cmd
IOC_TEST:Axis1-PLC-EnaCmd
IOC_TEST:Axis1-CmdFrmPLCCmd
IOC_TEST:Axis1-SftLimBwdEna
IOC_TEST:Axis1-SftLimFwdEna
IOC_TEST:Plg-Mtn0-EnaCmd-RB
IOC_TEST:Plg-Mtn0-TrgCmd-RB
IOC_TEST:MCU-ErrRst
IOC_TEST:Axis1-MCU1-asyn
IOC_TEST:MCU-Cmd
IOC_TEST:Axis1
